13-May-23 09:06:52 - root - 85072 - INFO - Starting telemetry server...
13-May-23 09:06:52 - root - 85072 - INFO - Telemetry server thread started!
13-May-23 09:06:52 - root - 85072 - INFO - Starting FPV server...
13-May-23 09:06:55 - root - 85072 - INFO - Preparing to run FPV server on 192.168.42.5:20000
13-May-23 09:06:55 - werkzeug - 85072 - INFO -  * Running on http://192.168.42.5:20000/ (Press CTRL+C to quit)
13-May-23 09:07:06 - werkzeug - 85072 - INFO - 192.168.42.5 - - [13/May/2023 09:07:06] "GET / HTTP/1.1" 200 -
13-May-23 09:17:38 - root - 85312 - INFO - Starting telemetry server...
13-May-23 09:17:38 - root - 85312 - INFO - Telemetry server thread started!
13-May-23 09:17:38 - root - 85312 - INFO - Starting FPV server...
13-May-23 09:17:40 - root - 85312 - INFO - Preparing to run FPV server on 192.168.42.5:20000
13-May-23 09:17:40 - werkzeug - 85312 - INFO -  * Running on http://192.168.42.5:20000/ (Press CTRL+C to quit)
13-May-23 09:23:38 - root - 85407 - INFO - Starting telemetry server...
13-May-23 09:23:38 - root - 85407 - INFO - Telemetry server thread started!
13-May-23 09:23:38 - root - 85407 - INFO - Starting FPV server...
13-May-23 09:23:40 - root - 85407 - INFO - Preparing to run FPV server on localhost:20000
13-May-23 09:23:40 - werkzeug - 85407 - INFO -  * Running on http://localhost:20000/ (Press CTRL+C to quit)
13-May-23 09:35:00 - root - 85548 - INFO - Starting telemetry server...
13-May-23 09:35:00 - root - 85548 - INFO - Telemetry server thread started!
13-May-23 09:35:00 - root - 85548 - INFO - Starting FPV server...
13-May-23 09:35:02 - root - 85548 - INFO - Preparing to run FPV server on localhost:20000
13-May-23 09:35:02 - werkzeug - 85548 - INFO -  * Running on http://localhost:20000/ (Press CTRL+C to quit)
13-May-23 09:36:08 - root - 85568 - INFO - Starting telemetry server...
13-May-23 09:36:08 - root - 85568 - INFO - Telemetry server thread started!
13-May-23 09:36:08 - root - 85568 - INFO - Starting FPV server...
13-May-23 09:36:10 - root - 85568 - INFO - Preparing to run FPV server on localhost:20000
13-May-23 09:36:10 - werkzeug - 85568 - INFO -  * Running on http://localhost:20000/ (Press CTRL+C to quit)
13-May-23 09:38:11 - root - 85607 - INFO - Starting telemetry server...
13-May-23 09:38:11 - root - 85607 - INFO - Telemetry server thread started!
13-May-23 09:38:11 - root - 85607 - INFO - Starting FPV server...
13-May-23 09:38:13 - root - 85607 - INFO - Preparing to run FPV server on localhost:20000
13-May-23 09:38:13 - werkzeug - 85607 - INFO -  * Running on http://localhost:20000/ (Press CTRL+C to quit)
13-May-23 09:39:46 - root - 85667 - INFO - Starting telemetry server...
13-May-23 09:39:46 - root - 85667 - INFO - Telemetry server thread started!
13-May-23 09:39:46 - root - 85667 - INFO - Starting FPV server...
13-May-23 09:39:47 - root - 85667 - INFO - Preparing to run FPV server on localhost:20000
13-May-23 09:39:47 - werkzeug - 85667 - INFO -  * Running on http://localhost:20000/ (Press CTRL+C to quit)
13-May-23 09:42:18 - root - 85695 - INFO - Starting telemetry server...
13-May-23 09:42:18 - root - 85695 - INFO - Telemetry server thread started!
13-May-23 09:42:18 - root - 85695 - INFO - Starting FPV server...
13-May-23 09:42:20 - root - 85695 - INFO - Preparing to run FPV server on localhost:20000
13-May-23 09:42:20 - werkzeug - 85695 - INFO -  * Running on http://localhost:20000/ (Press CTRL+C to quit)
13-May-23 09:45:31 - root - 85726 - INFO - Starting telemetry server...
13-May-23 09:45:31 - root - 85726 - INFO - Telemetry server thread started!
13-May-23 09:45:31 - root - 85726 - INFO - Starting FPV server...
13-May-23 09:45:33 - root - 85726 - INFO - Preparing to run FPV server on localhost:20000
13-May-23 09:45:33 - werkzeug - 85726 - INFO -  * Running on http://localhost:20000/ (Press CTRL+C to quit)
13-May-23 09:47:27 - root - 85766 - INFO - Starting telemetry server...
13-May-23 09:47:49 - root - 85774 - INFO - Starting telemetry server...
13-May-23 09:47:49 - root - 85774 - INFO - Telemetry server thread started!
13-May-23 09:47:49 - root - 85774 - INFO - Starting FPV server...
13-May-23 09:47:51 - root - 85774 - INFO - Preparing to run FPV server on localhost:20000
13-May-23 09:47:51 - werkzeug - 85774 - INFO -  * Running on http://localhost:20000/ (Press CTRL+C to quit)
13-May-23 09:50:02 - root - 85832 - INFO - Starting telemetry server...
13-May-23 09:50:02 - root - 85832 - INFO - Telemetry server thread started!
13-May-23 09:50:02 - root - 85832 - INFO - Starting FPV server...
13-May-23 09:50:04 - root - 85832 - INFO - Preparing to run FPV server on localhost:20000
13-May-23 09:50:04 - werkzeug - 85832 - INFO -  * Running on http://localhost:20000/ (Press CTRL+C to quit)
13-May-23 09:50:12 - root - 85832 - DEBUG - Connection from: ('127.0.0.1', 59331)
13-May-23 09:51:13 - root - 85832 - DEBUG - Connection from: ('127.0.0.1', 59335)
13-May-23 09:51:16 - root - 85854 - INFO - Starting telemetry server...
13-May-23 09:51:16 - root - 85854 - INFO - Telemetry server thread started!
13-May-23 09:51:16 - root - 85854 - INFO - Starting FPV server...
13-May-23 09:51:18 - root - 85854 - INFO - Preparing to run FPV server on localhost:20000
13-May-23 09:51:18 - werkzeug - 85854 - INFO -  * Running on http://localhost:20000/ (Press CTRL+C to quit)
13-May-23 09:52:21 - root - 85882 - INFO - Starting telemetry server...
13-May-23 09:52:21 - root - 85882 - INFO - Telemetry server thread started!
13-May-23 09:52:21 - root - 85882 - INFO - Starting FPV server...
13-May-23 09:52:22 - root - 85882 - INFO - Preparing to run FPV server on localhost:20000
13-May-23 09:52:22 - werkzeug - 85882 - INFO -  * Running on http://localhost:20000/ (Press CTRL+C to quit)
13-May-23 09:57:01 - root - 85926 - INFO - Starting telemetry server...
13-May-23 09:57:01 - root - 85926 - INFO - Telemetry server thread started!
13-May-23 09:57:01 - root - 85926 - INFO - Starting FPV server...
13-May-23 09:57:03 - root - 85926 - INFO - Preparing to run FPV server on localhost:20000
13-May-23 09:57:03 - werkzeug - 85926 - INFO -  * Running on http://localhost:20000/ (Press CTRL+C to quit)
13-May-23 09:57:39 - root - 85926 - DEBUG - Connection from: ('127.0.0.1', 59391)
13-May-23 10:04:46 - root - 86248 - INFO - Starting telemetry server...
13-May-23 10:04:46 - root - 86248 - INFO - Telemetry server thread started!
13-May-23 10:04:46 - root - 86248 - INFO - Starting FPV server...
13-May-23 10:04:48 - root - 86248 - INFO - Preparing to run FPV server on localhost:20000
13-May-23 10:04:48 - werkzeug - 86248 - INFO -  * Running on http://localhost:20000/ (Press CTRL+C to quit)
13-May-23 10:05:05 - root - 86248 - DEBUG - Connection from: ('127.0.0.1', 59479)
13-May-23 15:45:11 - root - 87103 - INFO - Starting telemetry server...
13-May-23 15:45:11 - root - 87103 - INFO - Telemetry server thread started!
13-May-23 15:45:11 - root - 87103 - INFO - Starting FPV server...
13-May-23 15:45:13 - root - 87103 - INFO - Preparing to run FPV server on localhost:20000
13-May-23 15:45:13 - werkzeug - 87103 - INFO -  * Running on http://localhost:20000/ (Press CTRL+C to quit)
13-May-23 15:45:27 - root - 87103 - DEBUG - Connection from: ('127.0.0.1', 59636)
13-May-23 15:45:28 - werkzeug - 87103 - INFO - 127.0.0.1 - - [13/May/2023 15:45:28] "GET / HTTP/1.1" 200 -
13-May-23 17:11:49 - root - 92191 - INFO - Starting heartbeat server...
13-May-23 17:11:49 - root - 92191 - INFO - Heartbeat server thread started!
13-May-23 17:11:49 - root - 92191 - INFO - Starting telemetry server...
13-May-23 17:11:49 - root - 92191 - INFO - Telemetry server thread started!
13-May-23 17:11:49 - root - 92191 - INFO - Starting FPV server...
13-May-23 17:11:51 - root - 92191 - INFO - Preparing to run FPV server on localhost:20000
13-May-23 17:11:51 - werkzeug - 92191 - INFO -  * Running on http://localhost:20000/ (Press CTRL+C to quit)
13-May-23 17:12:20 - root - 92191 - DEBUG - TelemetryServer - onnection from: ('127.0.0.1', 60414)
13-May-23 17:12:20 - root - 92191 - DEBUG - HeartBeatServer - connection from: ('127.0.0.1', 60415)
13-May-23 17:12:20 - werkzeug - 92191 - INFO - 127.0.0.1 - - [13/May/2023 17:12:20] "GET / HTTP/1.1" 200 -
13-May-23 17:12:25 - root - 92191 - CRITICAL - Heartbeat lost!
13-May-23 17:12:30 - root - 92191 - CRITICAL - Heartbeat lost!
13-May-23 17:12:35 - root - 92191 - CRITICAL - Heartbeat lost!
13-May-23 17:12:40 - root - 92191 - CRITICAL - Heartbeat lost!
13-May-23 17:12:45 - root - 92191 - CRITICAL - Heartbeat lost!
13-May-23 17:12:50 - root - 92191 - CRITICAL - Heartbeat lost!
13-May-23 17:12:55 - root - 92191 - CRITICAL - Heartbeat lost!
13-May-23 17:13:00 - root - 92191 - CRITICAL - Heartbeat lost!
13-May-23 17:13:05 - root - 92191 - CRITICAL - Heartbeat lost!
13-May-23 17:13:10 - root - 92191 - CRITICAL - Heartbeat lost!
13-May-23 17:13:15 - root - 92191 - CRITICAL - Heartbeat lost!
13-May-23 17:13:20 - root - 92191 - CRITICAL - Heartbeat lost!
13-May-23 17:13:25 - root - 92191 - CRITICAL - Heartbeat lost!
13-May-23 17:13:30 - root - 92191 - CRITICAL - Heartbeat lost!
13-May-23 17:13:35 - root - 92191 - CRITICAL - Heartbeat lost!
13-May-23 17:13:40 - root - 92191 - CRITICAL - Heartbeat lost!
13-May-23 17:13:45 - root - 92191 - CRITICAL - Heartbeat lost!
13-May-23 17:13:50 - root - 92191 - CRITICAL - Heartbeat lost!
13-May-23 17:13:55 - root - 92191 - CRITICAL - Heartbeat lost!
13-May-23 17:14:29 - root - 92191 - DEBUG - TelemetryServer - onnection from: ('127.0.0.1', 60431)
13-May-23 17:14:29 - werkzeug - 92191 - INFO - 127.0.0.1 - - [13/May/2023 17:14:29] "GET / HTTP/1.1" 200 -
13-May-23 17:17:27 - root - 92537 - INFO - Starting heartbeat server...
13-May-23 17:17:27 - root - 92537 - INFO - Heartbeat server thread started!
13-May-23 17:17:27 - root - 92537 - INFO - Starting telemetry server...
13-May-23 17:17:27 - root - 92537 - INFO - Telemetry server thread started!
13-May-23 17:17:27 - root - 92537 - INFO - Starting FPV server...
13-May-23 17:17:29 - root - 92537 - INFO - Preparing to run FPV server on localhost:20000
13-May-23 17:17:29 - werkzeug - 92537 - INFO -  * Running on http://localhost:20000/ (Press CTRL+C to quit)
13-May-23 17:17:42 - root - 92537 - DEBUG - TelemetryServer - connection from: ('127.0.0.1', 60470)
13-May-23 17:17:42 - root - 92537 - DEBUG - HeartBeatServer - connection from: ('127.0.0.1', 60471)
13-May-23 17:17:43 - werkzeug - 92537 - INFO - 127.0.0.1 - - [13/May/2023 17:17:43] "GET / HTTP/1.1" 200 -
13-May-23 17:17:56 - root - 92537 - CRITICAL - Heartbeat lost!
