werkzeug - INFO -  * Running on http://localhost:8080/ (Press CTRL+C to quit)
werkzeug - INFO - 127.0.0.1 - - [02/May/2023 20:37:21] "GET / HTTP/1.1" 200 -
werkzeug - INFO - 127.0.0.1 - - [02/May/2023 20:37:21] "GET /static/nipplejs.min.js HTTP/1.1" 200 -
werkzeug - INFO - 127.0.0.1 - - [02/May/2023 20:37:21] "[33mGET /favicon.ico HTTP/1.1[0m" 404 -
server - ERROR - Exception on /joystick [GET]
Traceback (most recent call last):
  File "/Users/Aiden/anaconda3/lib/python3.9/site-packages/flask/app.py", line 2447, in wsgi_app
    response = self.full_dispatch_request()
  File "/Users/Aiden/anaconda3/lib/python3.9/site-packages/flask/app.py", line 1952, in full_dispatch_request
    rv = self.handle_user_exception(e)
  File "/Users/Aiden/anaconda3/lib/python3.9/site-packages/flask/app.py", line 1821, in handle_user_exception
    reraise(exc_type, exc_value, tb)
  File "/Users/Aiden/anaconda3/lib/python3.9/site-packages/flask/_compat.py", line 39, in reraise
    raise value
  File "/Users/Aiden/anaconda3/lib/python3.9/site-packages/flask/app.py", line 1950, in full_dispatch_request
    rv = self.dispatch_request()
  File "/Users/Aiden/anaconda3/lib/python3.9/site-packages/flask/app.py", line 1936, in dispatch_request
    return self.view_functions[rule.endpoint](**req.view_args)
  File "/Users/Aiden/Desktop/B3rryClientServer/ClientSide/server.py", line 46, in joystick
    data = motor_handler.parse_joystick_data(data)
NameError: name 'motor_handler' is not defined
server - ERROR - Exception on /joystick [GET]
Traceback (most recent call last):
  File "/Users/Aiden/anaconda3/lib/python3.9/site-packages/flask/app.py", line 2447, in wsgi_app
    response = self.full_dispatch_request()
  File "/Users/Aiden/anaconda3/lib/python3.9/site-packages/flask/app.py", line 1952, in full_dispatch_request
    rv = self.handle_user_exception(e)
  File "/Users/Aiden/anaconda3/lib/python3.9/site-packages/flask/app.py", line 1821, in handle_user_exception
    reraise(exc_type, exc_value, tb)
  File "/Users/Aiden/anaconda3/lib/python3.9/site-packages/flask/_compat.py", line 39, in reraise
    raise value
  File "/Users/Aiden/anaconda3/lib/python3.9/site-packages/flask/app.py", line 1950, in full_dispatch_request
    rv = self.dispatch_request()
  File "/Users/Aiden/anaconda3/lib/python3.9/site-packages/flask/app.py", line 1936, in dispatch_request
    return self.view_functions[rule.endpoint](**req.view_args)
  File "/Users/Aiden/Desktop/B3rryClientServer/ClientSide/server.py", line 46, in joystick
    data = motor_handler.parse_joystick_data(data)
NameError: name 'motor_handler' is not defined
werkzeug - INFO - 127.0.0.1 - - [02/May/2023 20:37:23] "[35m[1mGET /joystick?data={%22x%22:0,%22y%22:0} HTTP/1.1[0m" 500 -
werkzeug - INFO - 127.0.0.1 - - [02/May/2023 20:37:23] "[35m[1mGET /joystick?data={%22x%22:26,%22y%22:-2} HTTP/1.1[0m" 500 -
server - ERROR - Exception on /joystick [GET]
Traceback (most recent call last):
  File "/Users/Aiden/anaconda3/lib/python3.9/site-packages/flask/app.py", line 2447, in wsgi_app
    response = self.full_dispatch_request()
  File "/Users/Aiden/anaconda3/lib/python3.9/site-packages/flask/app.py", line 1952, in full_dispatch_request
    rv = self.handle_user_exception(e)
  File "/Users/Aiden/anaconda3/lib/python3.9/site-packages/flask/app.py", line 1821, in handle_user_exception
    reraise(exc_type, exc_value, tb)
  File "/Users/Aiden/anaconda3/lib/python3.9/site-packages/flask/_compat.py", line 39, in reraise
    raise value
  File "/Users/Aiden/anaconda3/lib/python3.9/site-packages/flask/app.py", line 1950, in full_dispatch_request
    rv = self.dispatch_request()
  File "/Users/Aiden/anaconda3/lib/python3.9/site-packages/flask/app.py", line 1936, in dispatch_request
    return self.view_functions[rule.endpoint](**req.view_args)
  File "/Users/Aiden/Desktop/B3rryClientServer/ClientSide/server.py", line 46, in joystick
    data = motor_handler.parse_joystick_data(data)
NameError: name 'motor_handler' is not defined
werkzeug - INFO - 127.0.0.1 - - [02/May/2023 20:37:23] "[35m[1mGET /joystick?data={%22x%22:26,%22y%22:-3} HTTP/1.1[0m" 500 -
server - ERROR - Exception on /joystick [GET]
Traceback (most recent call last):
  File "/Users/Aiden/anaconda3/lib/python3.9/site-packages/flask/app.py", line 2447, in wsgi_app
    response = self.full_dispatch_request()
  File "/Users/Aiden/anaconda3/lib/python3.9/site-packages/flask/app.py", line 1952, in full_dispatch_request
    rv = self.handle_user_exception(e)
  File "/Users/Aiden/anaconda3/lib/python3.9/site-packages/flask/app.py", line 1821, in handle_user_exception
    reraise(exc_type, exc_value, tb)
  File "/Users/Aiden/anaconda3/lib/python3.9/site-packages/flask/_compat.py", line 39, in reraise
    raise value
  File "/Users/Aiden/anaconda3/lib/python3.9/site-packages/flask/app.py", line 1950, in full_dispatch_request
    rv = self.dispatch_request()
  File "/Users/Aiden/anaconda3/lib/python3.9/site-packages/flask/app.py", line 1936, in dispatch_request
    return self.view_functions[rule.endpoint](**req.view_args)
  File "/Users/Aiden/Desktop/B3rryClientServer/ClientSide/server.py", line 46, in joystick
    data = motor_handler.parse_joystick_data(data)
NameError: name 'motor_handler' is not defined
werkzeug - INFO - 127.0.0.1 - - [02/May/2023 20:37:23] "[35m[1mGET /joystick?data={%22x%22:26,%22y%22:-21} HTTP/1.1[0m" 500 -
server - ERROR - Exception on /joystick [GET]
Traceback (most recent call last):
  File "/Users/Aiden/anaconda3/lib/python3.9/site-packages/flask/app.py", line 2447, in wsgi_app
    response = self.full_dispatch_request()
  File "/Users/Aiden/anaconda3/lib/python3.9/site-packages/flask/app.py", line 1952, in full_dispatch_request
    rv = self.handle_user_exception(e)
  File "/Users/Aiden/anaconda3/lib/python3.9/site-packages/flask/app.py", line 1821, in handle_user_exception
    reraise(exc_type, exc_value, tb)
  File "/Users/Aiden/anaconda3/lib/python3.9/site-packages/flask/_compat.py", line 39, in reraise
    raise value
  File "/Users/Aiden/anaconda3/lib/python3.9/site-packages/flask/app.py", line 1950, in full_dispatch_request
    rv = self.dispatch_request()
  File "/Users/Aiden/anaconda3/lib/python3.9/site-packages/flask/app.py", line 1936, in dispatch_request
    return self.view_functions[rule.endpoint](**req.view_args)
  File "/Users/Aiden/Desktop/B3rryClientServer/ClientSide/server.py", line 46, in joystick
    data = motor_handler.parse_joystick_data(data)
NameError: name 'motor_handler' is not defined
werkzeug - INFO - 127.0.0.1 - - [02/May/2023 20:37:23] "[35m[1mGET /joystick?data={%22x%22:24.035981346350567,%22y%22:-97.06838620641577} HTTP/1.1[0m" 500 -
server - ERROR - Exception on /joystick [GET]
Traceback (most recent call last):
  File "/Users/Aiden/anaconda3/lib/python3.9/site-packages/flask/app.py", line 2447, in wsgi_app
    response = self.full_dispatch_request()
  File "/Users/Aiden/anaconda3/lib/python3.9/site-packages/flask/app.py", line 1952, in full_dispatch_request
    rv = self.handle_user_exception(e)
  File "/Users/Aiden/anaconda3/lib/python3.9/site-packages/flask/app.py", line 1821, in handle_user_exception
    reraise(exc_type, exc_value, tb)
  File "/Users/Aiden/anaconda3/lib/python3.9/site-packages/flask/_compat.py", line 39, in reraise
    raise value
  File "/Users/Aiden/anaconda3/lib/python3.9/site-packages/flask/app.py", line 1950, in full_dispatch_request
    rv = self.dispatch_request()
  File "/Users/Aiden/anaconda3/lib/python3.9/site-packages/flask/app.py", line 1936, in dispatch_request
    return self.view_functions[rule.endpoint](**req.view_args)
  File "/Users/Aiden/Desktop/B3rryClientServer/ClientSide/server.py", line 46, in joystick
    data = motor_handler.parse_joystick_data(data)
NameError: name 'motor_handler' is not defined
werkzeug - INFO - 127.0.0.1 - - [02/May/2023 20:37:23] "[35m[1mGET /joystick?data={%22x%22:17.078672353593788,%22y%22:-98.5308020399641} HTTP/1.1[0m" 500 -
server - ERROR - Exception on /joystick [GET]
Traceback (most recent call last):
  File "/Users/Aiden/anaconda3/lib/python3.9/site-packages/flask/app.py", line 2447, in wsgi_app
    response = self.full_dispatch_request()
  File "/Users/Aiden/anaconda3/lib/python3.9/site-packages/flask/app.py", line 1952, in full_dispatch_request
    rv = self.handle_user_exception(e)
  File "/Users/Aiden/anaconda3/lib/python3.9/site-packages/flask/app.py", line 1821, in handle_user_exception
    reraise(exc_type, exc_value, tb)
  File "/Users/Aiden/anaconda3/lib/python3.9/site-packages/flask/_compat.py", line 39, in reraise
    raise value
  File "/Users/Aiden/anaconda3/lib/python3.9/site-packages/flask/app.py", line 1950, in full_dispatch_request
    rv = self.dispatch_request()
  File "/Users/Aiden/anaconda3/lib/python3.9/site-packages/flask/app.py", line 1936, in dispatch_request
    return self.view_functions[rule.endpoint](**req.view_args)
  File "/Users/Aiden/Desktop/B3rryClientServer/ClientSide/server.py", line 46, in joystick
    data = motor_handler.parse_joystick_data(data)
NameError: name 'motor_handler' is not defined
werkzeug - INFO - 127.0.0.1 - - [02/May/2023 20:37:23] "[35m[1mGET /joystick?data={%22x%22:13.08450437656299,%22y%22:-99.14028316088121} HTTP/1.1[0m" 500 -
server - ERROR - Exception on /joystick [GET]
Traceback (most recent call last):
  File "/Users/Aiden/anaconda3/lib/python3.9/site-packages/flask/app.py", line 2447, in wsgi_app
    response = self.full_dispatch_request()
  File "/Users/Aiden/anaconda3/lib/python3.9/site-packages/flask/app.py", line 1952, in full_dispatch_request
    rv = self.handle_user_exception(e)
  File "/Users/Aiden/anaconda3/lib/python3.9/site-packages/flask/app.py", line 1821, in handle_user_exception
    reraise(exc_type, exc_value, tb)
  File "/Users/Aiden/anaconda3/lib/python3.9/site-packages/flask/_compat.py", line 39, in reraise
    raise value
  File "/Users/Aiden/anaconda3/lib/python3.9/site-packages/flask/app.py", line 1950, in full_dispatch_request
    rv = self.dispatch_request()
  File "/Users/Aiden/anaconda3/lib/python3.9/site-packages/flask/app.py", line 1936, in dispatch_request
    return self.view_functions[rule.endpoint](**req.view_args)
  File "/Users/Aiden/Desktop/B3rryClientServer/ClientSide/server.py", line 46, in joystick
    data = motor_handler.parse_joystick_data(data)
NameError: name 'motor_handler' is not defined
werkzeug - INFO - 127.0.0.1 - - [02/May/2023 20:37:23] "[35m[1mGET /joystick?data={%22x%22:11.842675485531203,%22y%22:-99.2962790709924} HTTP/1.1[0m" 500 -
server - ERROR - Exception on /joystick [GET]
Traceback (most recent call last):
  File "/Users/Aiden/anaconda3/lib/python3.9/site-packages/flask/app.py", line 2447, in wsgi_app
    response = self.full_dispatch_request()
  File "/Users/Aiden/anaconda3/lib/python3.9/site-packages/flask/app.py", line 1952, in full_dispatch_request
    rv = self.handle_user_exception(e)
  File "/Users/Aiden/anaconda3/lib/python3.9/site-packages/flask/app.py", line 1821, in handle_user_exception
    reraise(exc_type, exc_value, tb)
  File "/Users/Aiden/anaconda3/lib/python3.9/site-packages/flask/_compat.py", line 39, in reraise
    raise value
  File "/Users/Aiden/anaconda3/lib/python3.9/site-packages/flask/app.py", line 1950, in full_dispatch_request
    rv = self.dispatch_request()
  File "/Users/Aiden/anaconda3/lib/python3.9/site-packages/flask/app.py", line 1936, in dispatch_request
    return self.view_functions[rule.endpoint](**req.view_args)
  File "/Users/Aiden/Desktop/B3rryClientServer/ClientSide/server.py", line 46, in joystick
    data = motor_handler.parse_joystick_data(data)
NameError: name 'motor_handler' is not defined
werkzeug - INFO - 127.0.0.1 - - [02/May/2023 20:37:23] "[35m[1mGET /joystick?data={%22x%22:11.137176358831084,%22y%22:-99.37788135572367} HTTP/1.1[0m" 500 -
server - ERROR - Exception on /joystick [GET]
Traceback (most recent call last):
  File "/Users/Aiden/anaconda3/lib/python3.9/site-packages/flask/app.py", line 2447, in wsgi_app
    response = self.full_dispatch_request()
  File "/Users/Aiden/anaconda3/lib/python3.9/site-packages/flask/app.py", line 1952, in full_dispatch_request
    rv = self.handle_user_exception(e)
  File "/Users/Aiden/anaconda3/lib/python3.9/site-packages/flask/app.py", line 1821, in handle_user_exception
    reraise(exc_type, exc_value, tb)
  File "/Users/Aiden/anaconda3/lib/python3.9/site-packages/flask/_compat.py", line 39, in reraise
    raise value
  File "/Users/Aiden/anaconda3/lib/python3.9/site-packages/flask/app.py", line 1950, in full_dispatch_request
    rv = self.dispatch_request()
  File "/Users/Aiden/anaconda3/lib/python3.9/site-packages/flask/app.py", line 1936, in dispatch_request
    return self.view_functions[rule.endpoint](**req.view_args)
  File "/Users/Aiden/Desktop/B3rryClientServer/ClientSide/server.py", line 46, in joystick
    data = motor_handler.parse_joystick_data(data)
NameError: name 'motor_handler' is not defined
werkzeug - INFO - 127.0.0.1 - - [02/May/2023 20:37:23] "[35m[1mGET /joystick?data={%22x%22:10.552987533034937,%22y%22:-99.44161329206003} HTTP/1.1[0m" 500 -
server - ERROR - Exception on /joystick [GET]
Traceback (most recent call last):
  File "/Users/Aiden/anaconda3/lib/python3.9/site-packages/flask/app.py", line 2447, in wsgi_app
    response = self.full_dispatch_request()
  File "/Users/Aiden/anaconda3/lib/python3.9/site-packages/flask/app.py", line 1952, in full_dispatch_request
    rv = self.handle_user_exception(e)
  File "/Users/Aiden/anaconda3/lib/python3.9/site-packages/flask/app.py", line 1821, in handle_user_exception
    reraise(exc_type, exc_value, tb)
  File "/Users/Aiden/anaconda3/lib/python3.9/site-packages/flask/_compat.py", line 39, in reraise
    raise value
  File "/Users/Aiden/anaconda3/lib/python3.9/site-packages/flask/app.py", line 1950, in full_dispatch_request
    rv = self.dispatch_request()
  File "/Users/Aiden/anaconda3/lib/python3.9/site-packages/flask/app.py", line 1936, in dispatch_request
    return self.view_functions[rule.endpoint](**req.view_args)
  File "/Users/Aiden/Desktop/B3rryClientServer/ClientSide/server.py", line 46, in joystick
    data = motor_handler.parse_joystick_data(data)
NameError: name 'motor_handler' is not defined
werkzeug - INFO - 127.0.0.1 - - [02/May/2023 20:37:23] "[35m[1mGET /joystick?data={%22x%22:10.222839838113686,%22y%22:-99.47609534779838} HTTP/1.1[0m" 500 -
server - ERROR - Exception on /joystick [GET]
Traceback (most recent call last):
  File "/Users/Aiden/anaconda3/lib/python3.9/site-packages/flask/app.py", line 2447, in wsgi_app
    response = self.full_dispatch_request()
  File "/Users/Aiden/anaconda3/lib/python3.9/site-packages/flask/app.py", line 1952, in full_dispatch_request
    rv = self.handle_user_exception(e)
  File "/Users/Aiden/anaconda3/lib/python3.9/site-packages/flask/app.py", line 1821, in handle_user_exception
    reraise(exc_type, exc_value, tb)
  File "/Users/Aiden/anaconda3/lib/python3.9/site-packages/flask/_compat.py", line 39, in reraise
    raise value
  File "/Users/Aiden/anaconda3/lib/python3.9/site-packages/flask/app.py", line 1950, in full_dispatch_request
    rv = self.dispatch_request()
  File "/Users/Aiden/anaconda3/lib/python3.9/site-packages/flask/app.py", line 1936, in dispatch_request
    return self.view_functions[rule.endpoint](**req.view_args)
  File "/Users/Aiden/Desktop/B3rryClientServer/ClientSide/server.py", line 46, in joystick
    data = motor_handler.parse_joystick_data(data)
NameError: name 'motor_handler' is not defined
werkzeug - INFO - 127.0.0.1 - - [02/May/2023 20:37:23] "[35m[1mGET /joystick?data={%22x%22:10.143488895123568,%22y%22:-99.4842180098658} HTTP/1.1[0m" 500 -
server - ERROR - Exception on /joystick [GET]
Traceback (most recent call last):
  File "/Users/Aiden/anaconda3/lib/python3.9/site-packages/flask/app.py", line 2447, in wsgi_app
    response = self.full_dispatch_request()
  File "/Users/Aiden/anaconda3/lib/python3.9/site-packages/flask/app.py", line 1952, in full_dispatch_request
    rv = self.handle_user_exception(e)
  File "/Users/Aiden/anaconda3/lib/python3.9/site-packages/flask/app.py", line 1821, in handle_user_exception
    reraise(exc_type, exc_value, tb)
  File "/Users/Aiden/anaconda3/lib/python3.9/site-packages/flask/_compat.py", line 39, in reraise
    raise value
  File "/Users/Aiden/anaconda3/lib/python3.9/site-packages/flask/app.py", line 1950, in full_dispatch_request
    rv = self.dispatch_request()
  File "/Users/Aiden/anaconda3/lib/python3.9/site-packages/flask/app.py", line 1936, in dispatch_request
    return self.view_functions[rule.endpoint](**req.view_args)
  File "/Users/Aiden/Desktop/B3rryClientServer/ClientSide/server.py", line 46, in joystick
    data = motor_handler.parse_joystick_data(data)
NameError: name 'motor_handler' is not defined
werkzeug - INFO - 127.0.0.1 - - [02/May/2023 20:37:23] "[35m[1mGET /joystick?data={%22x%22:9.9884077621617,%22y%22:-99.49990809230326} HTTP/1.1[0m" 500 -
server - ERROR - Exception on /joystick [GET]
Traceback (most recent call last):
  File "/Users/Aiden/anaconda3/lib/python3.9/site-packages/flask/app.py", line 2447, in wsgi_app
    response = self.full_dispatch_request()
  File "/Users/Aiden/anaconda3/lib/python3.9/site-packages/flask/app.py", line 1952, in full_dispatch_request
    rv = self.handle_user_exception(e)
  File "/Users/Aiden/anaconda3/lib/python3.9/site-packages/flask/app.py", line 1821, in handle_user_exception
    reraise(exc_type, exc_value, tb)
  File "/Users/Aiden/anaconda3/lib/python3.9/site-packages/flask/_compat.py", line 39, in reraise
    raise value
  File "/Users/Aiden/anaconda3/lib/python3.9/site-packages/flask/app.py", line 1950, in full_dispatch_request
    rv = self.dispatch_request()
  File "/Users/Aiden/anaconda3/lib/python3.9/site-packages/flask/app.py", line 1936, in dispatch_request
    return self.view_functions[rule.endpoint](**req.view_args)
  File "/Users/Aiden/Desktop/B3rryClientServer/ClientSide/server.py", line 46, in joystick
    data = motor_handler.parse_joystick_data(data)
NameError: name 'motor_handler' is not defined
werkzeug - INFO - 127.0.0.1 - - [02/May/2023 20:37:23] "[35m[1mGET /joystick?data={%22x%22:9.875158409183257,%22y%22:-99.51121166176972} HTTP/1.1[0m" 500 -
server - ERROR - Exception on /joystick [GET]
Traceback (most recent call last):
  File "/Users/Aiden/anaconda3/lib/python3.9/site-packages/flask/app.py", line 2447, in wsgi_app
    response = self.full_dispatch_request()
  File "/Users/Aiden/anaconda3/lib/python3.9/site-packages/flask/app.py", line 1952, in full_dispatch_request
    rv = self.handle_user_exception(e)
  File "/Users/Aiden/anaconda3/lib/python3.9/site-packages/flask/app.py", line 1821, in handle_user_exception
    reraise(exc_type, exc_value, tb)
  File "/Users/Aiden/anaconda3/lib/python3.9/site-packages/flask/_compat.py", line 39, in reraise
    raise value
  File "/Users/Aiden/anaconda3/lib/python3.9/site-packages/flask/app.py", line 1950, in full_dispatch_request
    rv = self.dispatch_request()
  File "/Users/Aiden/anaconda3/lib/python3.9/site-packages/flask/app.py", line 1936, in dispatch_request
    return self.view_functions[rule.endpoint](**req.view_args)
  File "/Users/Aiden/Desktop/B3rryClientServer/ClientSide/server.py", line 46, in joystick
    data = motor_handler.parse_joystick_data(data)
NameError: name 'motor_handler' is not defined
werkzeug - INFO - 127.0.0.1 - - [02/May/2023 20:37:23] "[35m[1mGET /joystick?data={%22x%22:9.801067968632509,%22y%22:-99.51853629688412} HTTP/1.1[0m" 500 -
server - ERROR - Exception on /joystick [GET]
Traceback (most recent call last):
  File "/Users/Aiden/anaconda3/lib/python3.9/site-packages/flask/app.py", line 2447, in wsgi_app
    response = self.full_dispatch_request()
  File "/Users/Aiden/anaconda3/lib/python3.9/site-packages/flask/app.py", line 1952, in full_dispatch_request
    rv = self.handle_user_exception(e)
  File "/Users/Aiden/anaconda3/lib/python3.9/site-packages/flask/app.py", line 1821, in handle_user_exception
    reraise(exc_type, exc_value, tb)
  File "/Users/Aiden/anaconda3/lib/python3.9/site-packages/flask/_compat.py", line 39, in reraise
    raise value
  File "/Users/Aiden/anaconda3/lib/python3.9/site-packages/flask/app.py", line 1950, in full_dispatch_request
    rv = self.dispatch_request()
  File "/Users/Aiden/anaconda3/lib/python3.9/site-packages/flask/app.py", line 1936, in dispatch_request
    return self.view_functions[rule.endpoint](**req.view_args)
  File "/Users/Aiden/Desktop/B3rryClientServer/ClientSide/server.py", line 46, in joystick
    data = motor_handler.parse_joystick_data(data)
NameError: name 'motor_handler' is not defined
werkzeug - INFO - 127.0.0.1 - - [02/May/2023 20:37:23] "[35m[1mGET /joystick?data={%22x%22:9.728075734596231,%22y%22:-99.52569790009994} HTTP/1.1[0m" 500 -
server - ERROR - Exception on /joystick [GET]
Traceback (most recent call last):
  File "/Users/Aiden/anaconda3/lib/python3.9/site-packages/flask/app.py", line 2447, in wsgi_app
    response = self.full_dispatch_request()
  File "/Users/Aiden/anaconda3/lib/python3.9/site-packages/flask/app.py", line 1952, in full_dispatch_request
    rv = self.handle_user_exception(e)
  File "/Users/Aiden/anaconda3/lib/python3.9/site-packages/flask/app.py", line 1821, in handle_user_exception
    reraise(exc_type, exc_value, tb)
  File "/Users/Aiden/anaconda3/lib/python3.9/site-packages/flask/_compat.py", line 39, in reraise
    raise value
  File "/Users/Aiden/anaconda3/lib/python3.9/site-packages/flask/app.py", line 1950, in full_dispatch_request
    rv = self.dispatch_request()
  File "/Users/Aiden/anaconda3/lib/python3.9/site-packages/flask/app.py", line 1936, in dispatch_request
    return self.view_functions[rule.endpoint](**req.view_args)
  File "/Users/Aiden/Desktop/B3rryClientServer/ClientSide/server.py", line 46, in joystick
    data = motor_handler.parse_joystick_data(data)
NameError: name 'motor_handler' is not defined
werkzeug - INFO - 127.0.0.1 - - [02/May/2023 20:37:23] "[35m[1mGET /joystick?data={%22x%22:9.691983879376764,%22y%22:-99.52921906898445} HTTP/1.1[0m" 500 -
server - ERROR - Exception on /joystick [GET]
Traceback (most recent call last):
  File "/Users/Aiden/anaconda3/lib/python3.9/site-packages/flask/app.py", line 2447, in wsgi_app
    response = self.full_dispatch_request()
  File "/Users/Aiden/anaconda3/lib/python3.9/site-packages/flask/app.py", line 1952, in full_dispatch_request
    rv = self.handle_user_exception(e)
  File "/Users/Aiden/anaconda3/lib/python3.9/site-packages/flask/app.py", line 1821, in handle_user_exception
    reraise(exc_type, exc_value, tb)
  File "/Users/Aiden/anaconda3/lib/python3.9/site-packages/flask/_compat.py", line 39, in reraise
    raise value
  File "/Users/Aiden/anaconda3/lib/python3.9/site-packages/flask/app.py", line 1950, in full_dispatch_request
    rv = self.dispatch_request()
  File "/Users/Aiden/anaconda3/lib/python3.9/site-packages/flask/app.py", line 1936, in dispatch_request
    return self.view_functions[rule.endpoint](**req.view_args)
  File "/Users/Aiden/Desktop/B3rryClientServer/ClientSide/server.py", line 46, in joystick
    data = motor_handler.parse_joystick_data(data)
NameError: name 'motor_handler' is not defined
werkzeug - INFO - 127.0.0.1 - - [02/May/2023 20:37:23] "[35m[1mGET /joystick?data={%22x%22:0,%22y%22:0} HTTP/1.1[0m" 500 -
server - ERROR - Exception on /joystick [GET]
Traceback (most recent call last):
  File "/Users/Aiden/anaconda3/lib/python3.9/site-packages/flask/app.py", line 2447, in wsgi_app
    response = self.full_dispatch_request()
  File "/Users/Aiden/anaconda3/lib/python3.9/site-packages/flask/app.py", line 1952, in full_dispatch_request
    rv = self.handle_user_exception(e)
  File "/Users/Aiden/anaconda3/lib/python3.9/site-packages/flask/app.py", line 1821, in handle_user_exception
    reraise(exc_type, exc_value, tb)
  File "/Users/Aiden/anaconda3/lib/python3.9/site-packages/flask/_compat.py", line 39, in reraise
    raise value
  File "/Users/Aiden/anaconda3/lib/python3.9/site-packages/flask/app.py", line 1950, in full_dispatch_request
    rv = self.dispatch_request()
  File "/Users/Aiden/anaconda3/lib/python3.9/site-packages/flask/app.py", line 1936, in dispatch_request
    return self.view_functions[rule.endpoint](**req.view_args)
  File "/Users/Aiden/Desktop/B3rryClientServer/ClientSide/server.py", line 46, in joystick
    data = motor_handler.parse_joystick_data(data)
NameError: name 'motor_handler' is not defined
server - ERROR - Exception on /joystick [GET]
Traceback (most recent call last):
  File "/Users/Aiden/anaconda3/lib/python3.9/site-packages/flask/app.py", line 2447, in wsgi_app
    response = self.full_dispatch_request()
  File "/Users/Aiden/anaconda3/lib/python3.9/site-packages/flask/app.py", line 1952, in full_dispatch_request
    rv = self.handle_user_exception(e)
  File "/Users/Aiden/anaconda3/lib/python3.9/site-packages/flask/app.py", line 1821, in handle_user_exception
    reraise(exc_type, exc_value, tb)
  File "/Users/Aiden/anaconda3/lib/python3.9/site-packages/flask/_compat.py", line 39, in reraise
    raise value
  File "/Users/Aiden/anaconda3/lib/python3.9/site-packages/flask/app.py", line 1950, in full_dispatch_request
    rv = self.dispatch_request()
  File "/Users/Aiden/anaconda3/lib/python3.9/site-packages/flask/app.py", line 1936, in dispatch_request
    return self.view_functions[rule.endpoint](**req.view_args)
  File "/Users/Aiden/Desktop/B3rryClientServer/ClientSide/server.py", line 46, in joystick
    data = motor_handler.parse_joystick_data(data)
NameError: name 'motor_handler' is not defined
werkzeug - INFO - 127.0.0.1 - - [02/May/2023 20:37:29] "[35m[1mGET /joystick?data={%22x%22:0,%22y%22:0} HTTP/1.1[0m" 500 -
werkzeug - INFO - 127.0.0.1 - - [02/May/2023 20:37:29] "[35m[1mGET /joystick?data={%22x%22:-2,%22y%22:3} HTTP/1.1[0m" 500 -
server - ERROR - Exception on /joystick [GET]
Traceback (most recent call last):
  File "/Users/Aiden/anaconda3/lib/python3.9/site-packages/flask/app.py", line 2447, in wsgi_app
    response = self.full_dispatch_request()
  File "/Users/Aiden/anaconda3/lib/python3.9/site-packages/flask/app.py", line 1952, in full_dispatch_request
    rv = self.handle_user_exception(e)
  File "/Users/Aiden/anaconda3/lib/python3.9/site-packages/flask/app.py", line 1821, in handle_user_exception
    reraise(exc_type, exc_value, tb)
  File "/Users/Aiden/anaconda3/lib/python3.9/site-packages/flask/_compat.py", line 39, in reraise
    raise value
  File "/Users/Aiden/anaconda3/lib/python3.9/site-packages/flask/app.py", line 1950, in full_dispatch_request
    rv = self.dispatch_request()
  File "/Users/Aiden/anaconda3/lib/python3.9/site-packages/flask/app.py", line 1936, in dispatch_request
    return self.view_functions[rule.endpoint](**req.view_args)
  File "/Users/Aiden/Desktop/B3rryClientServer/ClientSide/server.py", line 46, in joystick
    data = motor_handler.parse_joystick_data(data)
NameError: name 'motor_handler' is not defined
werkzeug - INFO - 127.0.0.1 - - [02/May/2023 20:37:29] "[35m[1mGET /joystick?data={%22x%22:-2,%22y%22:0} HTTP/1.1[0m" 500 -
server - ERROR - Exception on /joystick [GET]
Traceback (most recent call last):
  File "/Users/Aiden/anaconda3/lib/python3.9/site-packages/flask/app.py", line 2447, in wsgi_app
    response = self.full_dispatch_request()
  File "/Users/Aiden/anaconda3/lib/python3.9/site-packages/flask/app.py", line 1952, in full_dispatch_request
    rv = self.handle_user_exception(e)
  File "/Users/Aiden/anaconda3/lib/python3.9/site-packages/flask/app.py", line 1821, in handle_user_exception
    reraise(exc_type, exc_value, tb)
  File "/Users/Aiden/anaconda3/lib/python3.9/site-packages/flask/_compat.py", line 39, in reraise
    raise value
  File "/Users/Aiden/anaconda3/lib/python3.9/site-packages/flask/app.py", line 1950, in full_dispatch_request
    rv = self.dispatch_request()
  File "/Users/Aiden/anaconda3/lib/python3.9/site-packages/flask/app.py", line 1936, in dispatch_request
    return self.view_functions[rule.endpoint](**req.view_args)
  File "/Users/Aiden/Desktop/B3rryClientServer/ClientSide/server.py", line 46, in joystick
    data = motor_handler.parse_joystick_data(data)
NameError: name 'motor_handler' is not defined
werkzeug - INFO - 127.0.0.1 - - [02/May/2023 20:37:29] "[35m[1mGET /joystick?data={%22x%22:-2,%22y%22:-6} HTTP/1.1[0m" 500 -
server - ERROR - Exception on /joystick [GET]
Traceback (most recent call last):
  File "/Users/Aiden/anaconda3/lib/python3.9/site-packages/flask/app.py", line 2447, in wsgi_app
    response = self.full_dispatch_request()
  File "/Users/Aiden/anaconda3/lib/python3.9/site-packages/flask/app.py", line 1952, in full_dispatch_request
    rv = self.handle_user_exception(e)
  File "/Users/Aiden/anaconda3/lib/python3.9/site-packages/flask/app.py", line 1821, in handle_user_exception
    reraise(exc_type, exc_value, tb)
  File "/Users/Aiden/anaconda3/lib/python3.9/site-packages/flask/_compat.py", line 39, in reraise
    raise value
  File "/Users/Aiden/anaconda3/lib/python3.9/site-packages/flask/app.py", line 1950, in full_dispatch_request
    rv = self.dispatch_request()
  File "/Users/Aiden/anaconda3/lib/python3.9/site-packages/flask/app.py", line 1936, in dispatch_request
    return self.view_functions[rule.endpoint](**req.view_args)
  File "/Users/Aiden/Desktop/B3rryClientServer/ClientSide/server.py", line 46, in joystick
    data = motor_handler.parse_joystick_data(data)
NameError: name 'motor_handler' is not defined
werkzeug - INFO - 127.0.0.1 - - [02/May/2023 20:37:29] "[35m[1mGET /joystick?data={%22x%22:-3,%22y%22:-16} HTTP/1.1[0m" 500 -
server - ERROR - Exception on /joystick [GET]
Traceback (most recent call last):
  File "/Users/Aiden/anaconda3/lib/python3.9/site-packages/flask/app.py", line 2447, in wsgi_app
    response = self.full_dispatch_request()
  File "/Users/Aiden/anaconda3/lib/python3.9/site-packages/flask/app.py", line 1952, in full_dispatch_request
    rv = self.handle_user_exception(e)
  File "/Users/Aiden/anaconda3/lib/python3.9/site-packages/flask/app.py", line 1821, in handle_user_exception
    reraise(exc_type, exc_value, tb)
  File "/Users/Aiden/anaconda3/lib/python3.9/site-packages/flask/_compat.py", line 39, in reraise
    raise value
  File "/Users/Aiden/anaconda3/lib/python3.9/site-packages/flask/app.py", line 1950, in full_dispatch_request
    rv = self.dispatch_request()
  File "/Users/Aiden/anaconda3/lib/python3.9/site-packages/flask/app.py", line 1936, in dispatch_request
    return self.view_functions[rule.endpoint](**req.view_args)
  File "/Users/Aiden/Desktop/B3rryClientServer/ClientSide/server.py", line 46, in joystick
    data = motor_handler.parse_joystick_data(data)
NameError: name 'motor_handler' is not defined
werkzeug - INFO - 127.0.0.1 - - [02/May/2023 20:37:29] "[35m[1mGET /joystick?data={%22x%22:-7,%22y%22:-51} HTTP/1.1[0m" 500 -
server - ERROR - Exception on /joystick [GET]
Traceback (most recent call last):
  File "/Users/Aiden/anaconda3/lib/python3.9/site-packages/flask/app.py", line 2447, in wsgi_app
    response = self.full_dispatch_request()
  File "/Users/Aiden/anaconda3/lib/python3.9/site-packages/flask/app.py", line 1952, in full_dispatch_request
    rv = self.handle_user_exception(e)
  File "/Users/Aiden/anaconda3/lib/python3.9/site-packages/flask/app.py", line 1821, in handle_user_exception
    reraise(exc_type, exc_value, tb)
  File "/Users/Aiden/anaconda3/lib/python3.9/site-packages/flask/_compat.py", line 39, in reraise
    raise value
  File "/Users/Aiden/anaconda3/lib/python3.9/site-packages/flask/app.py", line 1950, in full_dispatch_request
    rv = self.dispatch_request()
  File "/Users/Aiden/anaconda3/lib/python3.9/site-packages/flask/app.py", line 1936, in dispatch_request
    return self.view_functions[rule.endpoint](**req.view_args)
  File "/Users/Aiden/Desktop/B3rryClientServer/ClientSide/server.py", line 46, in joystick
    data = motor_handler.parse_joystick_data(data)
NameError: name 'motor_handler' is not defined
werkzeug - INFO - 127.0.0.1 - - [02/May/2023 20:37:29] "[35m[1mGET /joystick?data={%22x%22:-10,%22y%22:-97} HTTP/1.1[0m" 500 -
server - ERROR - Exception on /joystick [GET]
Traceback (most recent call last):
  File "/Users/Aiden/anaconda3/lib/python3.9/site-packages/flask/app.py", line 2447, in wsgi_app
    response = self.full_dispatch_request()
  File "/Users/Aiden/anaconda3/lib/python3.9/site-packages/flask/app.py", line 1952, in full_dispatch_request
    rv = self.handle_user_exception(e)
  File "/Users/Aiden/anaconda3/lib/python3.9/site-packages/flask/app.py", line 1821, in handle_user_exception
    reraise(exc_type, exc_value, tb)
  File "/Users/Aiden/anaconda3/lib/python3.9/site-packages/flask/_compat.py", line 39, in reraise
    raise value
  File "/Users/Aiden/anaconda3/lib/python3.9/site-packages/flask/app.py", line 1950, in full_dispatch_request
    rv = self.dispatch_request()
  File "/Users/Aiden/anaconda3/lib/python3.9/site-packages/flask/app.py", line 1936, in dispatch_request
    return self.view_functions[rule.endpoint](**req.view_args)
  File "/Users/Aiden/Desktop/B3rryClientServer/ClientSide/server.py", line 46, in joystick
    data = motor_handler.parse_joystick_data(data)
NameError: name 'motor_handler' is not defined
werkzeug - INFO - 127.0.0.1 - - [02/May/2023 20:37:29] "[35m[1mGET /joystick?data={%22x%22:-8.191555672945412,%22y%22:-99.66392735416878} HTTP/1.1[0m" 500 -
server - ERROR - Exception on /joystick [GET]
Traceback (most recent call last):
  File "/Users/Aiden/anaconda3/lib/python3.9/site-packages/flask/app.py", line 2447, in wsgi_app
    response = self.full_dispatch_request()
  File "/Users/Aiden/anaconda3/lib/python3.9/site-packages/flask/app.py", line 1952, in full_dispatch_request
    rv = self.handle_user_exception(e)
  File "/Users/Aiden/anaconda3/lib/python3.9/site-packages/flask/app.py", line 1821, in handle_user_exception
    reraise(exc_type, exc_value, tb)
  File "/Users/Aiden/anaconda3/lib/python3.9/site-packages/flask/_compat.py", line 39, in reraise
    raise value
  File "/Users/Aiden/anaconda3/lib/python3.9/site-packages/flask/app.py", line 1950, in full_dispatch_request
    rv = self.dispatch_request()
  File "/Users/Aiden/anaconda3/lib/python3.9/site-packages/flask/app.py", line 1936, in dispatch_request
    return self.view_functions[rule.endpoint](**req.view_args)
  File "/Users/Aiden/Desktop/B3rryClientServer/ClientSide/server.py", line 46, in joystick
    data = motor_handler.parse_joystick_data(data)
NameError: name 'motor_handler' is not defined
werkzeug - INFO - 127.0.0.1 - - [02/May/2023 20:37:29] "[35m[1mGET /joystick?data={%22x%22:-6.438227799796508,%22y%22:-99.79253089684585} HTTP/1.1[0m" 500 -
server - ERROR - Exception on /joystick [GET]
Traceback (most recent call last):
  File "/Users/Aiden/anaconda3/lib/python3.9/site-packages/flask/app.py", line 2447, in wsgi_app
    response = self.full_dispatch_request()
  File "/Users/Aiden/anaconda3/lib/python3.9/site-packages/flask/app.py", line 1952, in full_dispatch_request
    rv = self.handle_user_exception(e)
  File "/Users/Aiden/anaconda3/lib/python3.9/site-packages/flask/app.py", line 1821, in handle_user_exception
    reraise(exc_type, exc_value, tb)
  File "/Users/Aiden/anaconda3/lib/python3.9/site-packages/flask/_compat.py", line 39, in reraise
    raise value
  File "/Users/Aiden/anaconda3/lib/python3.9/site-packages/flask/app.py", line 1950, in full_dispatch_request
    rv = self.dispatch_request()
  File "/Users/Aiden/anaconda3/lib/python3.9/site-packages/flask/app.py", line 1936, in dispatch_request
    return self.view_functions[rule.endpoint](**req.view_args)
  File "/Users/Aiden/Desktop/B3rryClientServer/ClientSide/server.py", line 46, in joystick
    data = motor_handler.parse_joystick_data(data)
NameError: name 'motor_handler' is not defined
werkzeug - INFO - 127.0.0.1 - - [02/May/2023 20:37:29] "[35m[1mGET /joystick?data={%22x%22:-5.594671907231046,%22y%22:-99.84337557519996} HTTP/1.1[0m" 500 -
server - ERROR - Exception on /joystick [GET]
Traceback (most recent call last):
  File "/Users/Aiden/anaconda3/lib/python3.9/site-packages/flask/app.py", line 2447, in wsgi_app
    response = self.full_dispatch_request()
  File "/Users/Aiden/anaconda3/lib/python3.9/site-packages/flask/app.py", line 1952, in full_dispatch_request
    rv = self.handle_user_exception(e)
  File "/Users/Aiden/anaconda3/lib/python3.9/site-packages/flask/app.py", line 1821, in handle_user_exception
    reraise(exc_type, exc_value, tb)
  File "/Users/Aiden/anaconda3/lib/python3.9/site-packages/flask/_compat.py", line 39, in reraise
    raise value
  File "/Users/Aiden/anaconda3/lib/python3.9/site-packages/flask/app.py", line 1950, in full_dispatch_request
    rv = self.dispatch_request()
  File "/Users/Aiden/anaconda3/lib/python3.9/site-packages/flask/app.py", line 1936, in dispatch_request
    return self.view_functions[rule.endpoint](**req.view_args)
  File "/Users/Aiden/Desktop/B3rryClientServer/ClientSide/server.py", line 46, in joystick
    data = motor_handler.parse_joystick_data(data)
NameError: name 'motor_handler' is not defined
werkzeug - INFO - 127.0.0.1 - - [02/May/2023 20:37:29] "[35m[1mGET /joystick?data={%22x%22:-5.1402544908584105,%22y%22:-99.86780153667752} HTTP/1.1[0m" 500 -
server - ERROR - Exception on /joystick [GET]
Traceback (most recent call last):
  File "/Users/Aiden/anaconda3/lib/python3.9/site-packages/flask/app.py", line 2447, in wsgi_app
    response = self.full_dispatch_request()
  File "/Users/Aiden/anaconda3/lib/python3.9/site-packages/flask/app.py", line 1952, in full_dispatch_request
    rv = self.handle_user_exception(e)
  File "/Users/Aiden/anaconda3/lib/python3.9/site-packages/flask/app.py", line 1821, in handle_user_exception
    reraise(exc_type, exc_value, tb)
  File "/Users/Aiden/anaconda3/lib/python3.9/site-packages/flask/_compat.py", line 39, in reraise
    raise value
  File "/Users/Aiden/anaconda3/lib/python3.9/site-packages/flask/app.py", line 1950, in full_dispatch_request
    rv = self.dispatch_request()
  File "/Users/Aiden/anaconda3/lib/python3.9/site-packages/flask/app.py", line 1936, in dispatch_request
    return self.view_functions[rule.endpoint](**req.view_args)
  File "/Users/Aiden/Desktop/B3rryClientServer/ClientSide/server.py", line 46, in joystick
    data = motor_handler.parse_joystick_data(data)
NameError: name 'motor_handler' is not defined
werkzeug - INFO - 127.0.0.1 - - [02/May/2023 20:37:29] "[35m[1mGET /joystick?data={%22x%22:-5.290593379523415,%22y%22:-99.85995003850417} HTTP/1.1[0m" 500 -
server - ERROR - Exception on /joystick [GET]
Traceback (most recent call last):
  File "/Users/Aiden/anaconda3/lib/python3.9/site-packages/flask/app.py", line 2447, in wsgi_app
    response = self.full_dispatch_request()
  File "/Users/Aiden/anaconda3/lib/python3.9/site-packages/flask/app.py", line 1952, in full_dispatch_request
    rv = self.handle_user_exception(e)
  File "/Users/Aiden/anaconda3/lib/python3.9/site-packages/flask/app.py", line 1821, in handle_user_exception
    reraise(exc_type, exc_value, tb)
  File "/Users/Aiden/anaconda3/lib/python3.9/site-packages/flask/_compat.py", line 39, in reraise
    raise value
  File "/Users/Aiden/anaconda3/lib/python3.9/site-packages/flask/app.py", line 1950, in full_dispatch_request
    rv = self.dispatch_request()
  File "/Users/Aiden/anaconda3/lib/python3.9/site-packages/flask/app.py", line 1936, in dispatch_request
    return self.view_functions[rule.endpoint](**req.view_args)
  File "/Users/Aiden/Desktop/B3rryClientServer/ClientSide/server.py", line 46, in joystick
    data = motor_handler.parse_joystick_data(data)
NameError: name 'motor_handler' is not defined
werkzeug - INFO - 127.0.0.1 - - [02/May/2023 20:37:29] "[35m[1mGET /joystick?data={%22x%22:-5.305019187843968,%22y%22:-99.85918471235686} HTTP/1.1[0m" 500 -
server - ERROR - Exception on /joystick [GET]
Traceback (most recent call last):
  File "/Users/Aiden/anaconda3/lib/python3.9/site-packages/flask/app.py", line 2447, in wsgi_app
    response = self.full_dispatch_request()
  File "/Users/Aiden/anaconda3/lib/python3.9/site-packages/flask/app.py", line 1952, in full_dispatch_request
    rv = self.handle_user_exception(e)
  File "/Users/Aiden/anaconda3/lib/python3.9/site-packages/flask/app.py", line 1821, in handle_user_exception
    reraise(exc_type, exc_value, tb)
  File "/Users/Aiden/anaconda3/lib/python3.9/site-packages/flask/_compat.py", line 39, in reraise
    raise value
  File "/Users/Aiden/anaconda3/lib/python3.9/site-packages/flask/app.py", line 1950, in full_dispatch_request
    rv = self.dispatch_request()
  File "/Users/Aiden/anaconda3/lib/python3.9/site-packages/flask/app.py", line 1936, in dispatch_request
    return self.view_functions[rule.endpoint](**req.view_args)
  File "/Users/Aiden/Desktop/B3rryClientServer/ClientSide/server.py", line 46, in joystick
    data = motor_handler.parse_joystick_data(data)
NameError: name 'motor_handler' is not defined
werkzeug - INFO - 127.0.0.1 - - [02/May/2023 20:37:29] "[35m[1mGET /joystick?data={%22x%22:-5.397525801500052,%22y%22:-99.85422732775083} HTTP/1.1[0m" 500 -
server - ERROR - Exception on /joystick [GET]
Traceback (most recent call last):
  File "/Users/Aiden/anaconda3/lib/python3.9/site-packages/flask/app.py", line 2447, in wsgi_app
    response = self.full_dispatch_request()
  File "/Users/Aiden/anaconda3/lib/python3.9/site-packages/flask/app.py", line 1952, in full_dispatch_request
    rv = self.handle_user_exception(e)
  File "/Users/Aiden/anaconda3/lib/python3.9/site-packages/flask/app.py", line 1821, in handle_user_exception
    reraise(exc_type, exc_value, tb)
  File "/Users/Aiden/anaconda3/lib/python3.9/site-packages/flask/_compat.py", line 39, in reraise
    raise value
  File "/Users/Aiden/anaconda3/lib/python3.9/site-packages/flask/app.py", line 1950, in full_dispatch_request
    rv = self.dispatch_request()
  File "/Users/Aiden/anaconda3/lib/python3.9/site-packages/flask/app.py", line 1936, in dispatch_request
    return self.view_functions[rule.endpoint](**req.view_args)
  File "/Users/Aiden/Desktop/B3rryClientServer/ClientSide/server.py", line 46, in joystick
    data = motor_handler.parse_joystick_data(data)
NameError: name 'motor_handler' is not defined
werkzeug - INFO - 127.0.0.1 - - [02/May/2023 20:37:29] "[35m[1mGET /joystick?data={%22x%22:-5.804152150459998,%22y%22:-99.83141698791172} HTTP/1.1[0m" 500 -
server - ERROR - Exception on /joystick [GET]
Traceback (most recent call last):
  File "/Users/Aiden/anaconda3/lib/python3.9/site-packages/flask/app.py", line 2447, in wsgi_app
    response = self.full_dispatch_request()
  File "/Users/Aiden/anaconda3/lib/python3.9/site-packages/flask/app.py", line 1952, in full_dispatch_request
    rv = self.handle_user_exception(e)
  File "/Users/Aiden/anaconda3/lib/python3.9/site-packages/flask/app.py", line 1821, in handle_user_exception
    reraise(exc_type, exc_value, tb)
  File "/Users/Aiden/anaconda3/lib/python3.9/site-packages/flask/_compat.py", line 39, in reraise
    raise value
  File "/Users/Aiden/anaconda3/lib/python3.9/site-packages/flask/app.py", line 1950, in full_dispatch_request
    rv = self.dispatch_request()
  File "/Users/Aiden/anaconda3/lib/python3.9/site-packages/flask/app.py", line 1936, in dispatch_request
    return self.view_functions[rule.endpoint](**req.view_args)
  File "/Users/Aiden/Desktop/B3rryClientServer/ClientSide/server.py", line 46, in joystick
    data = motor_handler.parse_joystick_data(data)
NameError: name 'motor_handler' is not defined
werkzeug - INFO - 127.0.0.1 - - [02/May/2023 20:37:29] "[35m[1mGET /joystick?data={%22x%22:-5.721272267493148,%22y%22:-99.83620106775504} HTTP/1.1[0m" 500 -
server - ERROR - Exception on /joystick [GET]
Traceback (most recent call last):
  File "/Users/Aiden/anaconda3/lib/python3.9/site-packages/flask/app.py", line 2447, in wsgi_app
    response = self.full_dispatch_request()
  File "/Users/Aiden/anaconda3/lib/python3.9/site-packages/flask/app.py", line 1952, in full_dispatch_request
    rv = self.handle_user_exception(e)
  File "/Users/Aiden/anaconda3/lib/python3.9/site-packages/flask/app.py", line 1821, in handle_user_exception
    reraise(exc_type, exc_value, tb)
  File "/Users/Aiden/anaconda3/lib/python3.9/site-packages/flask/_compat.py", line 39, in reraise
    raise value
  File "/Users/Aiden/anaconda3/lib/python3.9/site-packages/flask/app.py", line 1950, in full_dispatch_request
    rv = self.dispatch_request()
  File "/Users/Aiden/anaconda3/lib/python3.9/site-packages/flask/app.py", line 1936, in dispatch_request
    return self.view_functions[rule.endpoint](**req.view_args)
  File "/Users/Aiden/Desktop/B3rryClientServer/ClientSide/server.py", line 46, in joystick
    data = motor_handler.parse_joystick_data(data)
NameError: name 'motor_handler' is not defined
werkzeug - INFO - 127.0.0.1 - - [02/May/2023 20:37:29] "[35m[1mGET /joystick?data={%22x%22:-5.9553203949809586,%22y%22:-99.82251328729967} HTTP/1.1[0m" 500 -
server - ERROR - Exception on /joystick [GET]
Traceback (most recent call last):
  File "/Users/Aiden/anaconda3/lib/python3.9/site-packages/flask/app.py", line 2447, in wsgi_app
    response = self.full_dispatch_request()
  File "/Users/Aiden/anaconda3/lib/python3.9/site-packages/flask/app.py", line 1952, in full_dispatch_request
    rv = self.handle_user_exception(e)
  File "/Users/Aiden/anaconda3/lib/python3.9/site-packages/flask/app.py", line 1821, in handle_user_exception
    reraise(exc_type, exc_value, tb)
  File "/Users/Aiden/anaconda3/lib/python3.9/site-packages/flask/_compat.py", line 39, in reraise
    raise value
  File "/Users/Aiden/anaconda3/lib/python3.9/site-packages/flask/app.py", line 1950, in full_dispatch_request
    rv = self.dispatch_request()
  File "/Users/Aiden/anaconda3/lib/python3.9/site-packages/flask/app.py", line 1936, in dispatch_request
    return self.view_functions[rule.endpoint](**req.view_args)
  File "/Users/Aiden/Desktop/B3rryClientServer/ClientSide/server.py", line 46, in joystick
    data = motor_handler.parse_joystick_data(data)
NameError: name 'motor_handler' is not defined
werkzeug - INFO - 127.0.0.1 - - [02/May/2023 20:37:29] "[35m[1mGET /joystick?data={%22x%22:-6.237828615518069,%22y%22:-99.80525784828887} HTTP/1.1[0m" 500 -
server - ERROR - Exception on /joystick [GET]
Traceback (most recent call last):
  File "/Users/Aiden/anaconda3/lib/python3.9/site-packages/flask/app.py", line 2447, in wsgi_app
    response = self.full_dispatch_request()
  File "/Users/Aiden/anaconda3/lib/python3.9/site-packages/flask/app.py", line 1952, in full_dispatch_request
    rv = self.handle_user_exception(e)
  File "/Users/Aiden/anaconda3/lib/python3.9/site-packages/flask/app.py", line 1821, in handle_user_exception
    reraise(exc_type, exc_value, tb)
  File "/Users/Aiden/anaconda3/lib/python3.9/site-packages/flask/_compat.py", line 39, in reraise
    raise value
  File "/Users/Aiden/anaconda3/lib/python3.9/site-packages/flask/app.py", line 1950, in full_dispatch_request
    rv = self.dispatch_request()
  File "/Users/Aiden/anaconda3/lib/python3.9/site-packages/flask/app.py", line 1936, in dispatch_request
    return self.view_functions[rule.endpoint](**req.view_args)
  File "/Users/Aiden/Desktop/B3rryClientServer/ClientSide/server.py", line 46, in joystick
    data = motor_handler.parse_joystick_data(data)
NameError: name 'motor_handler' is not defined
werkzeug - INFO - 127.0.0.1 - - [02/May/2023 20:37:29] "[35m[1mGET /joystick?data={%22x%22:-6.22022618053235,%22y%22:-99.80635644217767} HTTP/1.1[0m" 500 -
server - ERROR - Exception on /joystick [GET]
Traceback (most recent call last):
  File "/Users/Aiden/anaconda3/lib/python3.9/site-packages/flask/app.py", line 2447, in wsgi_app
    response = self.full_dispatch_request()
  File "/Users/Aiden/anaconda3/lib/python3.9/site-packages/flask/app.py", line 1952, in full_dispatch_request
    rv = self.handle_user_exception(e)
  File "/Users/Aiden/anaconda3/lib/python3.9/site-packages/flask/app.py", line 1821, in handle_user_exception
    reraise(exc_type, exc_value, tb)
  File "/Users/Aiden/anaconda3/lib/python3.9/site-packages/flask/_compat.py", line 39, in reraise
    raise value
  File "/Users/Aiden/anaconda3/lib/python3.9/site-packages/flask/app.py", line 1950, in full_dispatch_request
    rv = self.dispatch_request()
  File "/Users/Aiden/anaconda3/lib/python3.9/site-packages/flask/app.py", line 1936, in dispatch_request
    return self.view_functions[rule.endpoint](**req.view_args)
  File "/Users/Aiden/Desktop/B3rryClientServer/ClientSide/server.py", line 46, in joystick
    data = motor_handler.parse_joystick_data(data)
NameError: name 'motor_handler' is not defined
werkzeug - INFO - 127.0.0.1 - - [02/May/2023 20:37:29] "[35m[1mGET /joystick?data={%22x%22:0,%22y%22:0} HTTP/1.1[0m" 500 -
